Added Component: Designator=C3(1206(C))
Add component. Clean all parameters for all variants
Added Component: Designator=C4(1206(C))
Add component. Clean all parameters for all variants
Added Component: Designator=C5(1206(C))
Add component. Clean all parameters for all variants
Added Component: Designator=C6(1206(C))
Add component. Clean all parameters for all variants
Added Component: Designator=J2(Header 2)
Add component. Clean all parameters for all variants
Added Component: Designator=J5(Header 3)
Add component. Clean all parameters for all variants
Added Component: Designator=R11(1206(C))
Add component. Clean all parameters for all variants
Added Component: Designator=R12(1206(C))
Add component. Clean all parameters for all variants
Added Component: Designator=R13(1206(C))
Add component. Clean all parameters for all variants
Added Component: Designator=U5(SOIC 8)
Add component. Clean all parameters for all variants
Added Component: Designator=U6(SOIC 18)
Add component. Clean all parameters for all variants
Added Component: Designator=U7(SOIC 8)
Add component. Clean all parameters for all variants
Added Component: Designator=Y1(ABS-07)
Add component. Clean all parameters for all variants
Added Pin To Net: NetName=GND Pin=C3-1
Added Pin To Net: NetName=3.3v Pin=C3-2
Added Pin To Net: NetName=GND Pin=C4-1
Added Pin To Net: NetName=3.3v Pin=C4-2
Added Pin To Net: NetName=GND Pin=C5-2
Added Pin To Net: NetName=3.3v Pin=R11-2
Added Pin To Net: NetName=GND Pin=R12-1
Added Pin To Net: NetName=GND Pin=U5-4
Added Pin To Net: NetName=SDA Pin=U5-5
Added Pin To Net: NetName=SCL Pin=U5-6
Added Pin To Net: NetName=3.3v Pin=U5-8
Added Pin To Net: NetName=GND Pin=U6-9
Added Pin To Net: NetName=SCK Pin=U6-13
Added Pin To Net: NetName=MOSI Pin=U6-14
Added Pin To Net: NetName=MISO Pin=U6-15
Added Pin To Net: NetName=CS Pin=U6-16
Added Pin To Net: NetName=3.3v Pin=U6-18
Added Pin To Net: NetName=GND Pin=U7-2
Added Pin To Net: NetName=3.3v Pin=U7-3
Added Pin To Net: NetName=NetC5_1 Pin=C5-1
Added Pin To Net: NetName=NetC5_1 Pin=U5-1
Added Pin To Net: NetName=NetC5_1 Pin=Y1-1
Added Net: Name=NetC5_1
Added Pin To Net: NetName=NetC6_2 Pin=C6-2
Added Pin To Net: NetName=NetC6_2 Pin=U5-2
Added Pin To Net: NetName=NetC6_2 Pin=Y1-2
Added Net: Name=NetC6_2
Added Pin To Net: NetName=NetJ2_1 Pin=J2-1
Added Pin To Net: NetName=NetJ2_1 Pin=J5-2
Added Pin To Net: NetName=NetJ2_1 Pin=U7-6
Added Net: Name=NetJ2_1
Added Pin To Net: NetName=NetJ2_2 Pin=J2-2
Added Pin To Net: NetName=NetJ2_2 Pin=R13-1
Added Net: Name=NetJ2_2
Added Pin To Net: NetName=NetJ5_1 Pin=J5-1
Added Pin To Net: NetName=NetJ5_1 Pin=R13-2
Added Pin To Net: NetName=NetJ5_1 Pin=U7-7
Added Net: Name=NetJ5_1
Added Pin To Net: NetName=NetR11_1 Pin=R11-1
Added Pin To Net: NetName=NetR11_1 Pin=U6-3
Added Pin To Net: NetName=NetR11_1 Pin=U6-4
Added Pin To Net: NetName=NetR11_1 Pin=U6-5
Added Pin To Net: NetName=NetR11_1 Pin=U6-6
Added Net: Name=NetR11_1
Added Pin To Net: NetName=NetR12_2 Pin=R12-2
Added Pin To Net: NetName=NetR12_2 Pin=U7-8
Added Net: Name=NetR12_2
Added Pin To Net: NetName=RXCAN Pin=U6-2
Added Net: Name=RXCAN
Added Pin To Net: NetName=TXCAN Pin=U6-1
Added Pin To Net: NetName=TXCAN Pin=U7-1
Added Net: Name=TXCAN
Added Member To Class: ClassName=Sheet1 Member=Component C3 100nF
Added Member To Class: ClassName=Sheet1 Member=Component C4 100nF
Added Member To Class: ClassName=Sheet1 Member=Component C5 Condensateur
Added Member To Class: ClassName=Sheet1 Member=Component C6 Condensateur
Added Member To Class: ClassName=Sheet1 Member=Component J2 Jumper
Added Member To Class: ClassName=Sheet1 Member=Component J5 Header_3
Added Member To Class: ClassName=Sheet1 Member=Component R11 100K
Added Member To Class: ClassName=Sheet1 Member=Component R12 10
Added Member To Class: ClassName=Sheet1 Member=Component R13 120
Added Member To Class: ClassName=Sheet1 Member=Component U5 MCP7940N
Added Member To Class: ClassName=Sheet1 Member=Component U6 MCP2515
Added Member To Class: ClassName=Sheet1 Member=Component U7 MCP2551
Added Member To Class: ClassName=Sheet1 Member=Component Y1 32.768Khz
